Test GRAPH_CONSTRUCTOR: PASSED
Test GRAPH_COPY_CONSTRUCTOR: PASSED
Test GRAPH_IS_EMPTY: PASSED
Test GRAPH_ORDER_OF_GRAPH: PASSED
Test GRAPH_ADD_EDGE: PASSED
Test GRAPH_ADD_ARC: PASSED
Test GRAPH_DELETE_EDGES: PASSED
Test GRAPH_CLEAR: PASSED
Test GRAPH_INITIALIZE_GRAPH: PASSED
Test GRAPH_SIZE_OF_GRAPH: PASSED
Test GRAPH_BFS: PASSED
Test GRAPH_TRANSPOSE: PASSED
Test GRAPH_DFS: PASSED
Test GRAPH_SOURCE_VERTEX: PASSED
Test GRAPH_PARENT_VERTEX: PASSED
Test GRAPH_DISTANCE_TO_SOURCE: PASSED
Test GRAPH_PATH_FROM_SOURCE: PASSED
Test GRAPH_INITIAL_DISCOVERY_TIME: FAILED
Test GRAPH_DISCOVERY_FINISH_TIME: FAILED
Test GRAPH_OUTPUT_OPERATOR: PASSED
Test GRAPH_ASSIGNMENT_OPERATOR: FAILED
18/21 tests were passed.
